From Python: /home/pantular/miniconda3/bin/activate
[ONE] Task 0 processing chunks/pdb_chunk_00
PDBs OK=1, Fail=0. Output → outputs/genfasta/genfasta_part00.fasta
[ONE] Waiting for other tasks...
JobId=52969210 ArrayJobId=52969132 ArrayTaskId=0 JobName=genfasta
   UserId=pantular(1063634) GroupId=reslnusers(85000002) MCS_label=N/A
   Priority=2295 Nice=0 Account=hpcusers QOS=normal
   JobState=RUNNING Reason=None Dependency=(null)
   Requeue=1 Restarts=0 BatchFlag=1 Reboot=0 ExitCode=0:0
   RunTime=00:00:05 TimeLimit=04:00:00 TimeMin=N/A
   SubmitTime=2025-09-23T19:23:39 EligibleTime=2025-09-23T19:23:49
   AccrueTime=2025-09-23T19:23:49
   StartTime=2025-09-23T19:25:38 EndTime=2025-09-23T23:25:38 Deadline=N/A
   SuspendTime=None SecsPreSuspend=0 LastSchedEval=2025-09-23T19:25:38 Scheduler=Backfill
   Partition=defq AllocNode:Sid=m-09-10:111053
   ReqNodeList=(null) ExcNodeList=(null)
   NodeList=m-09-10
   BatchHost=m-09-10
   NumNodes=1 NumCPUs=1 NumTasks=1 CPUs/Task=1 ReqB:S:C:T=0:0:*:*
   ReqTRES=cpu=1,mem=3G,node=1,billing=1
   AllocTRES=cpu=1,mem=3G,node=1,billing=1
   Socks/Node=* NtasksPerN:B:S:C=0:0:*:* CoreSpec=*
   MinCPUsNode=1 MinMemoryNode=3G MinTmpDiskNode=0
   Features=(null) DelayBoot=00:00:00
   OverSubscribe=OK Contiguous=0 Licenses=(null) Network=(null)
   Command=/mnt/isilon/sgourakis_lab_storage/personal/ram/FinalWrapper/Compare/one.sh
   WorkDir=/mnt/isilon/sgourakis_lab_storage/personal/ram/FinalWrapper/Compare
   StdErr=/mnt/isilon/sgourakis_lab_storage/personal/ram/FinalWrapper/Compare/logs/genfasta_52969132_0.err
   StdIn=/dev/null
   StdOut=/mnt/isilon/sgourakis_lab_storage/personal/ram/FinalWrapper/Compare/logs/genfasta_52969132_0.out
   Power=
   

✅ Created MHC_pdbs/MHCs.fasta
